
  .   ____          _            __ _ _
 /\\ / ___'_ __ _ _(_)_ __  __ _ \ \ \ \
( ( )\___ | '_ | '_| | '_ \/ _` | \ \ \ \
 \\/  ___)| |_)| | | | | || (_| |  ) ) ) )
  '  |____| .__|_| |_|_| |_\__, | / / / /
 =========|_|==============|___/=/_/_/_/

 :: Spring Boot ::               (v3.5.11)

2026-03-09T17:39:27.343+05:30  INFO 18396 --- [register] [           main] c.e.a.RegisterApplication                : Starting RegisterApplication v0.0.1-SNAPSHOT using Java 21.0.2 with PID 18396 (F:\Attendify-padmnabham\Attendify-padmnabham\Attendify-Sanika\register\target\attendance_Backend-0.0.1-SNAPSHOT.jar started by Sanyam in F:\Attendify-padmnabham\Attendify-padmnabham\Attendify-Sanika\register)
2026-03-09T17:39:27.348+05:30 DEBUG 18396 --- [register] [           main] c.e.a.RegisterApplication                : Running with Spring Boot v3.5.11, Spring v6.2.16
2026-03-09T17:39:27.351+05:30  INFO 18396 --- [register] [           main] c.e.a.RegisterApplication                : No active profile set, falling back to 1 default profile: "default"
2026-03-09T17:39:28.792+05:30  INFO 18396 --- [register] [           main] .s.d.r.c.RepositoryConfigurationDelegate : Bootstrapping Spring Data JPA repositories in DEFAULT mode.
2026-03-09T17:39:29.008+05:30  INFO 18396 --- [register] [           main] .s.d.r.c.RepositoryConfigurationDelegate : Finished Spring Data repository scanning in 196 ms. Found 17 JPA repository interfaces.
2026-03-09T17:39:30.187+05:30  INFO 18396 --- [register] [           main] o.s.b.w.embedded.tomcat.TomcatWebServer  : Tomcat initialized with port 8081 (http)
2026-03-09T17:39:30.205+05:30  INFO 18396 --- [register] [           main] o.apache.catalina.core.StandardService   : Starting service [Tomcat]
2026-03-09T17:39:30.207+05:30  INFO 18396 --- [register] [           main] o.apache.catalina.core.StandardEngine    : Starting Servlet engine: [Apache Tomcat/10.1.52]
2026-03-09T17:39:30.246+05:30  INFO 18396 --- [register] [           main] o.a.c.c.C.[Tomcat].[localhost].[/]       : Initializing Spring embedded WebApplicationContext
2026-03-09T17:39:30.248+05:30  INFO 18396 --- [register] [           main] w.s.c.ServletWebServerApplicationContext : Root WebApplicationContext: initialization completed in 2758 ms
2026-03-09T17:39:30.379+05:30 DEBUG 18396 --- [register] [           main] c.e.a.security.JwtAuthenticationFilter   : Filter 'jwtAuthenticationFilter' configured for use
2026-03-09T17:39:30.380+05:30 DEBUG 18396 --- [register] [           main] c.e.a.config.RequestLoggingFilter        : Filter 'requestLoggingFilter' configured for use
2026-03-09T17:39:30.620+05:30  INFO 18396 --- [register] [           main] o.hibernate.jpa.internal.util.LogHelper  : HHH000204: Processing PersistenceUnitInfo [name: default]
2026-03-09T17:39:30.708+05:30  INFO 18396 --- [register] [           main] org.hibernate.Version                    : HHH000412: Hibernate ORM core version 6.6.42.Final
2026-03-09T17:39:30.768+05:30  INFO 18396 --- [register] [           main] o.h.c.internal.RegionFactoryInitiator    : HHH000026: Second-level cache disabled
2026-03-09T17:39:31.266+05:30  INFO 18396 --- [register] [           main] o.s.o.j.p.SpringPersistenceUnitInfo      : No LoadTimeWeaver setup: ignoring JPA class transformer
2026-03-09T17:39:31.307+05:30  INFO 18396 --- [register] [           main] com.zaxxer.hikari.HikariDataSource       : HikariPool-1 - Starting...
2026-03-09T17:39:31.903+05:30  INFO 18396 --- [register] [           main] com.zaxxer.hikari.pool.HikariPool        : HikariPool-1 - Added connection com.mysql.cj.jdbc.ConnectionImpl@46994f26
2026-03-09T17:39:31.907+05:30  INFO 18396 --- [register] [           main] com.zaxxer.hikari.HikariDataSource       : HikariPool-1 - Start completed.
2026-03-09T17:39:32.036+05:30  INFO 18396 --- [register] [           main] org.hibernate.orm.connections.pooling    : HHH10001005: Database info:
	Database JDBC URL [Connecting through datasource 'HikariDataSource (HikariPool-1)']
	Database driver: undefined/unknown
	Database version: 8.0.44
	Autocommit mode: undefined/unknown
	Isolation level: undefined/unknown
	Minimum pool size: undefined/unknown
	Maximum pool size: undefined/unknown
2026-03-09T17:39:33.525+05:30  INFO 18396 --- [register] [           main] o.h.e.t.j.p.i.JtaPlatformInitiator       : HHH000489: No JTA platform available (set 'hibernate.transaction.jta.platform' to enable JTA platform integration)
2026-03-09T17:39:33.837+05:30  INFO 18396 --- [register] [           main] j.LocalContainerEntityManagerFactoryBean : Initialized JPA EntityManagerFactory for persistence unit 'default'
2026-03-09T17:39:34.588+05:30  INFO 18396 --- [register] [           main] o.s.d.j.r.query.QueryEnhancerFactory     : Hibernate is in classpath; If applicable, HQL parser will be used.
2026-03-09T17:39:36.434+05:30  WARN 18396 --- [register] [           main] JpaBaseConfiguration$JpaWebConfiguration : spring.jpa.open-in-view is enabled by default. Therefore, database queries may be performed during view rendering. Explicitly configure spring.jpa.open-in-view to disable this warning
2026-03-09T17:39:36.496+05:30  WARN 18396 --- [register] [           main] .s.s.UserDetailsServiceAutoConfiguration : 

Using generated security password: cc9e8633-fa5b-4d46-98b4-bb0662b0a48e

This generated password is for development use only. Your security configuration must be updated before running your application in production.

2026-03-09T17:39:36.521+05:30  INFO 18396 --- [register] [           main] r$InitializeUserDetailsManagerConfigurer : Global AuthenticationManager configured with UserDetailsService bean with name inMemoryUserDetailsManager
2026-03-09T17:39:36.644+05:30  INFO 18396 --- [register] [           main] o.s.b.a.w.s.WelcomePageHandlerMapping    : Adding welcome page: class path resource [static/index.html]
2026-03-09T17:39:37.380+05:30  INFO 18396 --- [register] [           main] o.s.b.w.embedded.tomcat.TomcatWebServer  : Tomcat started on port 8081 (http) with context path '/'
2026-03-09T17:39:37.404+05:30  INFO 18396 --- [register] [           main] c.e.a.RegisterApplication                : Started RegisterApplication in 10.939 seconds (process running for 11.777)
Checking for users with missing roles...
Hibernate: select u1_0.id,u1_0.address,u1_0.admin_id,u1_0.class_id,u1_0.division_id,u1_0.email,u1_0.mobilenumber,u1_0.name,u1_0.password,u1_0.role,u1_0.roll_no from users u1_0
Successfully updated 1 students with the correct 'STUDENT' role.
Hibernate: update users set address=?,admin_id=?,class_id=?,division_id=?,email=?,mobilenumber=?,name=?,password=?,role=?,roll_no=? where id=?
Hibernate: select a1_0.id,a1_0.email,a1_0.name,a1_0.password,a1_0.school_code from admins a1_0 where a1_0.email=?
Hibernate: select a1_0.id,a1_0.email,a1_0.name,a1_0.password,a1_0.school_code from admins a1_0 where a1_0.school_code=?
?? School code MFNGVL is already assigned to another admin.
--- DB DIAGNOSTIC START ---
Hibernate: select a1_0.id,a1_0.email,a1_0.name,a1_0.password,a1_0.school_code from admins a1_0
Admins found: 3
Admin: ID=1, Email=admin@admin.com, SchoolCode=[]
Admin: ID=2, Email=admin@attendify.com, SchoolCode=[SCH001]
Admin: ID=3, Email=kothali@gmail.com, SchoolCode=[MFNGVL]
Hibernate: select t1_0.id,t1_0.admin_id,t1_0.department_id,t1_0.device_id,t1_0.email,t1_0.mobilenumber,t1_0.name,t1_0.password,t1_0.role from teachers t1_0
Teachers found: 5
Teacher: ID=1, Email=abc@gmail.com, Admin=NULL, SchoolCode=[null]
Teacher: ID=2, Email=xyz@gmail.com, Admin=NULL, SchoolCode=[null]
Teacher: ID=3, Email=abc@test.com, Admin=NULL, SchoolCode=[null]
Teacher: ID=5, Email=sanyamkothali2004@gmail.com, AdminID=3, SchoolCode=[null]
Teacher: ID=6, Email=abc1@gmail.com, AdminID=3, SchoolCode=[null]
--- DB DIAGNOSTIC END ---
