
  .   ____          _            __ _ _
 /\\ / ___'_ __ _ _(_)_ __  __ _ \ \ \ \
( ( )\___ | '_ | '_| | '_ \/ _` | \ \ \ \
 \\/  ___)| |_)| | | | | || (_| |  ) ) ) )
  '  |____| .__|_| |_|_| |_\__, | / / / /
 =========|_|==============|___/=/_/_/_/

 :: Spring Boot ::               (v3.5.11)

2026-03-09T17:45:32.144+05:30  INFO 19640 --- [register] [           main] c.e.a.RegisterApplication                : Starting RegisterApplication v0.0.1-SNAPSHOT using Java 21.0.2 with PID 19640 (F:\Attendify-padmnabham\Attendify-padmnabham\Attendify-Sanika\register\target\attendance_Backend-0.0.1-SNAPSHOT.jar started by Sanyam in F:\Attendify-padmnabham\Attendify-padmnabham\Attendify-Sanika\register)
2026-03-09T17:45:32.150+05:30 DEBUG 19640 --- [register] [           main] c.e.a.RegisterApplication                : Running with Spring Boot v3.5.11, Spring v6.2.16
2026-03-09T17:45:32.151+05:30  INFO 19640 --- [register] [           main] c.e.a.RegisterApplication                : No active profile set, falling back to 1 default profile: "default"
2026-03-09T17:45:33.755+05:30  INFO 19640 --- [register] [           main] .s.d.r.c.RepositoryConfigurationDelegate : Bootstrapping Spring Data JPA repositories in DEFAULT mode.
2026-03-09T17:45:33.938+05:30  INFO 19640 --- [register] [           main] .s.d.r.c.RepositoryConfigurationDelegate : Finished Spring Data repository scanning in 168 ms. Found 17 JPA repository interfaces.
2026-03-09T17:45:35.108+05:30  INFO 19640 --- [register] [           main] o.s.b.w.embedded.tomcat.TomcatWebServer  : Tomcat initialized with port 8081 (http)
2026-03-09T17:45:35.134+05:30  INFO 19640 --- [register] [           main] o.apache.catalina.core.StandardService   : Starting service [Tomcat]
2026-03-09T17:45:35.135+05:30  INFO 19640 --- [register] [           main] o.apache.catalina.core.StandardEngine    : Starting Servlet engine: [Apache Tomcat/10.1.52]
2026-03-09T17:45:35.184+05:30  INFO 19640 --- [register] [           main] o.a.c.c.C.[Tomcat].[localhost].[/]       : Initializing Spring embedded WebApplicationContext
2026-03-09T17:45:35.185+05:30  INFO 19640 --- [register] [           main] w.s.c.ServletWebServerApplicationContext : Root WebApplicationContext: initialization completed in 2913 ms
2026-03-09T17:45:35.308+05:30 DEBUG 19640 --- [register] [           main] c.e.a.security.JwtAuthenticationFilter   : Filter 'jwtAuthenticationFilter' configured for use
2026-03-09T17:45:35.309+05:30 DEBUG 19640 --- [register] [           main] c.e.a.config.RequestLoggingFilter        : Filter 'requestLoggingFilter' configured for use
2026-03-09T17:45:35.638+05:30  INFO 19640 --- [register] [           main] o.hibernate.jpa.internal.util.LogHelper  : HHH000204: Processing PersistenceUnitInfo [name: default]
2026-03-09T17:45:35.746+05:30  INFO 19640 --- [register] [           main] org.hibernate.Version                    : HHH000412: Hibernate ORM core version 6.6.42.Final
2026-03-09T17:45:35.795+05:30  INFO 19640 --- [register] [           main] o.h.c.internal.RegionFactoryInitiator    : HHH000026: Second-level cache disabled
2026-03-09T17:45:36.344+05:30  INFO 19640 --- [register] [           main] o.s.o.j.p.SpringPersistenceUnitInfo      : No LoadTimeWeaver setup: ignoring JPA class transformer
2026-03-09T17:45:36.392+05:30  INFO 19640 --- [register] [           main] com.zaxxer.hikari.HikariDataSource       : HikariPool-1 - Starting...
2026-03-09T17:45:37.008+05:30  INFO 19640 --- [register] [           main] com.zaxxer.hikari.pool.HikariPool        : HikariPool-1 - Added connection com.mysql.cj.jdbc.ConnectionImpl@68df8c6
2026-03-09T17:45:37.015+05:30  INFO 19640 --- [register] [           main] com.zaxxer.hikari.HikariDataSource       : HikariPool-1 - Start completed.
2026-03-09T17:45:37.158+05:30  INFO 19640 --- [register] [           main] org.hibernate.orm.connections.pooling    : HHH10001005: Database info:
	Database JDBC URL [Connecting through datasource 'HikariDataSource (HikariPool-1)']
	Database driver: undefined/unknown
	Database version: 8.0.44
	Autocommit mode: undefined/unknown
	Isolation level: undefined/unknown
	Minimum pool size: undefined/unknown
	Maximum pool size: undefined/unknown
2026-03-09T17:45:38.531+05:30  INFO 19640 --- [register] [           main] o.h.e.t.j.p.i.JtaPlatformInitiator       : HHH000489: No JTA platform available (set 'hibernate.transaction.jta.platform' to enable JTA platform integration)
2026-03-09T17:45:38.774+05:30  INFO 19640 --- [register] [           main] j.LocalContainerEntityManagerFactoryBean : Initialized JPA EntityManagerFactory for persistence unit 'default'
2026-03-09T17:45:39.291+05:30  INFO 19640 --- [register] [           main] o.s.d.j.r.query.QueryEnhancerFactory     : Hibernate is in classpath; If applicable, HQL parser will be used.
2026-03-09T17:45:40.703+05:30  WARN 19640 --- [register] [           main] JpaBaseConfiguration$JpaWebConfiguration : spring.jpa.open-in-view is enabled by default. Therefore, database queries may be performed during view rendering. Explicitly configure spring.jpa.open-in-view to disable this warning
2026-03-09T17:45:40.751+05:30  WARN 19640 --- [register] [           main] .s.s.UserDetailsServiceAutoConfiguration : 

Using generated security password: d3c89f46-fc56-4c5d-9ac6-a9e1e80b3ff1

This generated password is for development use only. Your security configuration must be updated before running your application in production.

2026-03-09T17:45:40.766+05:30  INFO 19640 --- [register] [           main] r$InitializeUserDetailsManagerConfigurer : Global AuthenticationManager configured with UserDetailsService bean with name inMemoryUserDetailsManager
2026-03-09T17:45:40.889+05:30  INFO 19640 --- [register] [           main] o.s.b.a.w.s.WelcomePageHandlerMapping    : Adding welcome page: class path resource [static/index.html]
2026-03-09T17:45:41.525+05:30  INFO 19640 --- [register] [           main] o.s.b.w.embedded.tomcat.TomcatWebServer  : Tomcat started on port 8081 (http) with context path '/'
2026-03-09T17:45:41.546+05:30  INFO 19640 --- [register] [           main] c.e.a.RegisterApplication                : Started RegisterApplication in 10.28 seconds (process running for 11.305)
Checking for users with missing roles...
Hibernate: select u1_0.id,u1_0.address,u1_0.admin_id,u1_0.class_id,u1_0.division_id,u1_0.email,u1_0.mobilenumber,u1_0.name,u1_0.password,u1_0.role,u1_0.roll_no from users u1_0
No student roles needed fixing.
--- ORPHANED TEACHER FIX START ---
Hibernate: select a1_0.id,a1_0.email,a1_0.name,a1_0.password,a1_0.school_code from admins a1_0 where a1_0.school_code=?
Hibernate: select t1_0.id,t1_0.admin_id,t1_0.department_id,t1_0.device_id,t1_0.email,t1_0.mobilenumber,t1_0.name,t1_0.password,t1_0.role from teachers t1_0
Found 3 orphaned teachers.
Hibernate: select t1_0.id,t1_0.admin_id,d1_0.id,d1_0.admin_id,d1_0.department_name,c1_0.department_id,c1_0.id,c1_0.admin_id,c1_0.class_name,t1_0.device_id,t1_0.email,t1_0.mobilenumber,t1_0.name,t1_0.password,t1_0.role from teachers t1_0 left join departments d1_0 on d1_0.id=t1_0.department_id left join class_master c1_0 on d1_0.id=c1_0.department_id where t1_0.id=?
Hibernate: select a1_0.teacher_id,a1_0.id,a1_0.admin_id,a1_0.class_name,a1_0.division,a1_0.room_number,a1_0.subject from teacher_assignments a1_0 where a1_0.teacher_id=?
Hibernate: update teachers set admin_id=?,department_id=?,device_id=?,email=?,mobilenumber=?,name=?,password=?,role=? where id=?
? Linked Teacher [abc@gmail.com] to Admin [kothali@gmail.com]
Hibernate: select t1_0.id,t1_0.admin_id,d1_0.id,d1_0.admin_id,d1_0.department_name,c1_0.department_id,c1_0.id,c1_0.admin_id,c1_0.class_name,t1_0.device_id,t1_0.email,t1_0.mobilenumber,t1_0.name,t1_0.password,t1_0.role from teachers t1_0 left join departments d1_0 on d1_0.id=t1_0.department_id left join class_master c1_0 on d1_0.id=c1_0.department_id where t1_0.id=?
Hibernate: select a1_0.teacher_id,a1_0.id,a1_0.admin_id,a1_0.class_name,a1_0.division,a1_0.room_number,a1_0.subject from teacher_assignments a1_0 where a1_0.teacher_id=?
Hibernate: update teachers set admin_id=?,department_id=?,device_id=?,email=?,mobilenumber=?,name=?,password=?,role=? where id=?
? Linked Teacher [xyz@gmail.com] to Admin [kothali@gmail.com]
Hibernate: select t1_0.id,t1_0.admin_id,d1_0.id,d1_0.admin_id,d1_0.department_name,c1_0.department_id,c1_0.id,c1_0.admin_id,c1_0.class_name,t1_0.device_id,t1_0.email,t1_0.mobilenumber,t1_0.name,t1_0.password,t1_0.role from teachers t1_0 left join departments d1_0 on d1_0.id=t1_0.department_id left join class_master c1_0 on d1_0.id=c1_0.department_id where t1_0.id=?
Hibernate: select a1_0.teacher_id,a1_0.id,a1_0.admin_id,a1_0.class_name,a1_0.division,a1_0.room_number,a1_0.subject from teacher_assignments a1_0 where a1_0.teacher_id=?
Hibernate: update teachers set admin_id=?,department_id=?,device_id=?,email=?,mobilenumber=?,name=?,password=?,role=? where id=?
? Linked Teacher [abc@test.com] to Admin [kothali@gmail.com]
--- ORPHANED TEACHER FIX END ---
Hibernate: select a1_0.id,a1_0.email,a1_0.name,a1_0.password,a1_0.school_code from admins a1_0 where a1_0.email=?
Hibernate: select a1_0.id,a1_0.email,a1_0.name,a1_0.password,a1_0.school_code from admins a1_0 where a1_0.school_code=?
?? School code MFNGVL is already assigned to another admin.
